going to execute task: LuLesh
	task initialization is complete
	segment grouping of threads is complete
	memory allocation is complete
Memory preparation time: 0.0140672 Seconds
	launching threads
		launched thread #0
		launched thread #1
		launched thread #2
		launched thread #3
		launched thread #4
		launched thread #5
		launched thread #6
		launched thread #7
		launched thread #8
		launched thread #9
		launched thread #10
		launched thread #11
		launched thread #12
		launched thread #13
		launched thread #14
		launched thread #15
